2021-12-13 11:18:47,318:INFO:PyCaret Supervised Module
2021-12-13 11:18:47,318:INFO:ML Usecase: classification
2021-12-13 11:18:47,318:INFO:version 2.3.5
2021-12-13 11:18:47,318:INFO:Initializing setup()
2021-12-13 11:18:47,318:INFO:setup(display=None, profile_kwargs=None, profile=False, verbose=True, silent=False, log_data=False, log_profile=False, log_plots=False, experiment_name=None, log_experiment=False, session_id=None, html=True, custom_pipeline=None, use_gpu=False, n_jobs=-1, fold_groups=None, fold_shuffle=False, fold=10, fold_strategy=stratifiedkfold, data_split_stratify=False, data_split_shuffle=True, transform_target_method=box-cox, transform_target=False, fix_imbalance_method=None, fix_imbalance=False, interaction_threshold=0.01, feature_ratio=False, feature_interaction=False, feature_selection_method=classic, feature_selection_threshold=0.8, feature_selection=False, group_names=None, group_features=None, polynomial_threshold=0.1, trigonometry_features=False, polynomial_degree=2, polynomial_features=False, cluster_iter=20, create_clusters=False, remove_perfect_collinearity=True, multicollinearity_threshold=0.9, remove_multicollinearity=False, outliers_threshold=0.05, remove_outliers=False, bin_numeric_features=None, rare_level_threshold=0.1, combine_rare_levels=False, ignore_low_variance=False, pca_components=None, pca_method=linear, pca=False, unknown_categorical_method=least_frequent, handle_unknown_categorical=True, transformation_method=yeo-johnson, transformation=False, normalize_method=zscore, normalize=False, ignore_features=None, date_features=None, numeric_iterative_imputer=lightgbm, numeric_imputation=mean, numeric_features=None, high_cardinality_method=frequency, high_cardinality_features=None, ordinal_features=None, categorical_iterative_imputer=lightgbm, categorical_imputation=constant, categorical_features=None, iterative_imputation_iters=5, imputation_type=simple, preprocess=True, test_data=None, train_size=0.7, available_plots={'parameter': 'Hyperparameters', 'auc': 'AUC', 'confusion_matrix': 'Confusion Matrix', 'threshold': 'Threshold', 'pr': 'Precision Recall', 'error': 'Prediction Error', 'class_report': 'Class Report', 'rfe': 'Feature Selection', 'learning': 'Learning Curve', 'manifold': 'Manifold Learning', 'calibration': 'Calibration Curve', 'vc': 'Validation Curve', 'dimension': 'Dimensions', 'feature': 'Feature Importance', 'feature_all': 'Feature Importance (All)', 'boundary': 'Decision Boundary', 'lift': 'Lift Chart', 'gain': 'Gain Chart', 'tree': 'Decision Tree', 'ks': 'KS Statistic Plot'}, ml_usecase=classification, target=Class variable)
2021-12-13 11:18:47,318:INFO:Checking environment
2021-12-13 11:18:47,318:INFO:python_version: 3.6.13
2021-12-13 11:18:47,319:INFO:python_build: ('default', 'Mar 16 2021 11:37:27')
2021-12-13 11:18:47,319:INFO:machine: AMD64
2021-12-13 11:18:47,319:INFO:platform: Windows-10-10.0.19041-SP0
2021-12-13 11:18:47,320:WARNING:cannot find psutil installation. memory not traceable. Install psutil using pip to enable memory logging.
2021-12-13 11:18:47,320:INFO:Checking libraries
2021-12-13 11:18:47,320:INFO:pd==1.1.5
2021-12-13 11:18:47,320:INFO:numpy==1.19.5
2021-12-13 11:18:47,320:INFO:sklearn==0.23.2
2021-12-13 11:18:47,320:INFO:lightgbm==3.3.1
2021-12-13 11:18:47,321:WARNING:catboost not found
2021-12-13 11:18:47,322:WARNING:xgboost not found
2021-12-13 11:18:49,062:INFO:mlflow==1.21.0
2021-12-13 11:18:49,063:INFO:Checking Exceptions
2021-12-13 11:18:49,063:INFO:Declaring global variables
2021-12-13 11:18:49,063:INFO:USI: 5ce9
2021-12-13 11:18:49,063:INFO:pycaret_globals: {'imputation_regressor', '_gpu_n_jobs_param', 'y', 'X_test', 'transform_target_method_param', 'imputation_classifier', 'html_param', 'n_jobs_param', 'transform_target_param', '_all_models_internal', '_all_metrics', 'fold_param', 'exp_name_log', 'pycaret_globals', 'seed', 'iterative_imputation_iters_param', '_internal_pipeline', 'fold_groups_param_full', 'y_train', 'fix_imbalance_method_param', 'fold_shuffle_param', 'logging_param', '_ml_usecase', 'fold_groups_param', 'y_test', 'prep_pipe', 'stratify_param', 'create_model_container', 'master_model_container', 'fix_imbalance_param', '_available_plots', 'gpu_param', 'target_param', 'X_train', 'X', 'data_before_preprocess', 'fold_generator', 'display_container', 'USI', 'log_plots_param', 'experiment__', '_all_models'}
2021-12-13 11:18:49,063:INFO:Preparing display monitor
2021-12-13 11:18:49,063:INFO:Preparing display monitor
2021-12-13 11:18:49,084:INFO:Importing libraries
2021-12-13 11:18:49,084:INFO:Copying data for preprocessing
2021-12-13 11:18:49,091:INFO:Declaring preprocessing parameters
2021-12-13 11:18:49,092:INFO:Creating preprocessing pipeline
2021-12-13 11:18:49,099:INFO:Preprocessing pipeline created successfully
2021-12-13 11:18:49,099:ERROR:(Process Exit): setup has been interupted with user command 'quit'. setup must rerun.
2021-12-13 11:18:49,099:INFO:Creating global containers
2021-12-13 11:18:49,106:INFO:Internal pipeline: Pipeline(memory=None, steps=[('empty_step', 'passthrough')], verbose=False)
2021-12-15 15:52:06,748:INFO:Initializing load_model()
2021-12-15 15:52:06,749:INFO:load_model(verbose=True, authentication=None, platform=None, model_name=model_pickle.pkl)
2021-12-15 15:52:52,702:INFO:Initializing load_model()
2021-12-15 15:52:52,704:INFO:load_model(verbose=True, authentication=None, platform=None, model_name=model_pickle)
2021-12-15 15:59:18,061:INFO:Initializing predict_model()
2021-12-15 15:59:18,061:INFO:predict_model(display=None, ml_usecase=MLUsecase.CLASSIFICATION, verbose=True, round=4, raw_score=False, encoded_labels=False, probability_threshold=None, estimator=<scripts.trainModel.trainModel_classification object at 0x000001D902F29358>)
2021-12-15 15:59:18,062:INFO:Checking exceptions
2021-12-15 15:59:18,062:INFO:Preloading libraries
2021-12-15 15:59:18,062:ERROR:Pipeline not found. Exception:
2021-12-15 15:59:18,062:ERROR:Traceback (most recent call last):
  File "C:\Users\himanshu_gupta3\.conda\envs\env3.6\lib\site-packages\pycaret\internal\tabular.py", line 8717, in predict_model
    dtypes = prep_pipe.named_steps["dtypes"]
NameError: name 'prep_pipe' is not defined

2021-12-15 16:01:29,023:INFO:Initializing predict_model()
2021-12-15 16:01:29,024:INFO:predict_model(display=None, ml_usecase=MLUsecase.CLASSIFICATION, verbose=True, round=4, raw_score=False, encoded_labels=False, probability_threshold=None, estimator=<scripts.trainModel.trainModel_classification object at 0x000001D902F29358>)
2021-12-15 16:01:29,024:INFO:Checking exceptions
2021-12-15 16:01:29,025:INFO:Preloading libraries
2021-12-15 16:01:29,025:ERROR:Pipeline not found. Exception:
2021-12-15 16:01:29,025:ERROR:Traceback (most recent call last):
  File "C:\Users\himanshu_gupta3\.conda\envs\env3.6\lib\site-packages\pycaret\internal\tabular.py", line 8717, in predict_model
    dtypes = prep_pipe.named_steps["dtypes"]
NameError: name 'prep_pipe' is not defined

2021-12-15 16:03:12,855:INFO:Initializing predict_model()
2021-12-15 16:03:12,855:INFO:predict_model(display=None, ml_usecase=MLUsecase.CLASSIFICATION, verbose=True, round=4, raw_score=False, encoded_labels=False, probability_threshold=None, estimator=<scripts.trainModel.trainModel_classification object at 0x000001D902F29358>)
2021-12-15 16:03:12,855:INFO:Checking exceptions
2021-12-15 16:03:12,856:INFO:Preloading libraries
2021-12-15 16:03:12,856:ERROR:Pipeline not found. Exception:
2021-12-15 16:03:12,857:ERROR:Traceback (most recent call last):
  File "C:\Users\himanshu_gupta3\.conda\envs\env3.6\lib\site-packages\pycaret\internal\tabular.py", line 8717, in predict_model
    dtypes = prep_pipe.named_steps["dtypes"]
NameError: name 'prep_pipe' is not defined

2021-12-15 16:07:37,293:INFO:Initializing predict_model()
2021-12-15 16:07:37,293:INFO:predict_model(display=None, ml_usecase=MLUsecase.CLASSIFICATION, verbose=True, round=4, raw_score=False, encoded_labels=False, probability_threshold=None, estimator=<scripts.trainModel.trainModel_classification object at 0x000001D902F29358>)
2021-12-15 16:07:37,293:INFO:Checking exceptions
2021-12-15 16:07:37,293:INFO:Preloading libraries
2021-12-15 16:07:37,293:ERROR:Pipeline not found. Exception:
2021-12-15 16:07:37,294:ERROR:Traceback (most recent call last):
  File "C:\Users\himanshu_gupta3\.conda\envs\env3.6\lib\site-packages\pycaret\internal\tabular.py", line 8717, in predict_model
    dtypes = prep_pipe.named_steps["dtypes"]
NameError: name 'prep_pipe' is not defined

2021-12-15 16:07:45,115:INFO:Initializing predict_model()
2021-12-15 16:07:45,116:INFO:predict_model(display=None, ml_usecase=MLUsecase.CLASSIFICATION, verbose=True, round=4, raw_score=False, encoded_labels=False, probability_threshold=None, estimator=<scripts.trainModel.trainModel_classification object at 0x000001D902F29358>)
2021-12-15 16:07:45,116:INFO:Checking exceptions
2021-12-15 16:07:45,116:INFO:Preloading libraries
2021-12-15 16:07:45,116:ERROR:Pipeline not found. Exception:
2021-12-15 16:07:45,117:ERROR:Traceback (most recent call last):
  File "C:\Users\himanshu_gupta3\.conda\envs\env3.6\lib\site-packages\pycaret\internal\tabular.py", line 8717, in predict_model
    dtypes = prep_pipe.named_steps["dtypes"]
NameError: name 'prep_pipe' is not defined

2021-12-15 16:08:32,186:INFO:Initializing predict_model()
2021-12-15 16:08:32,186:INFO:predict_model(display=None, ml_usecase=MLUsecase.CLASSIFICATION, verbose=True, round=4, raw_score=False, encoded_labels=False, probability_threshold=None, estimator=<scripts.trainModel.trainModel_classification object at 0x000001D902F29358>)
2021-12-15 16:08:32,187:INFO:Checking exceptions
2021-12-15 16:08:32,187:INFO:Preloading libraries
2021-12-15 16:08:32,187:ERROR:Pipeline not found. Exception:
2021-12-15 16:08:32,188:ERROR:Traceback (most recent call last):
  File "C:\Users\himanshu_gupta3\.conda\envs\env3.6\lib\site-packages\pycaret\internal\tabular.py", line 8717, in predict_model
    dtypes = prep_pipe.named_steps["dtypes"]
NameError: name 'prep_pipe' is not defined

2021-12-15 16:08:52,989:INFO:Initializing predict_model()
2021-12-15 16:08:52,989:INFO:predict_model(display=None, ml_usecase=MLUsecase.CLASSIFICATION, verbose=True, round=4, raw_score=False, encoded_labels=False, probability_threshold=None, estimator=<scripts.trainModel.trainModel_classification object at 0x000001D902F29358>)
2021-12-15 16:08:52,989:INFO:Checking exceptions
2021-12-15 16:08:52,989:INFO:Preloading libraries
2021-12-15 16:08:52,990:ERROR:Pipeline not found. Exception:
2021-12-15 16:08:52,990:ERROR:Traceback (most recent call last):
  File "C:\Users\himanshu_gupta3\.conda\envs\env3.6\lib\site-packages\pycaret\internal\tabular.py", line 8717, in predict_model
    dtypes = prep_pipe.named_steps["dtypes"]
NameError: name 'prep_pipe' is not defined

2021-12-15 16:09:56,629:INFO:Initializing predict_model()
2021-12-15 16:09:56,629:INFO:predict_model(display=None, ml_usecase=MLUsecase.CLASSIFICATION, verbose=True, round=4, raw_score=False, encoded_labels=False, probability_threshold=None, estimator=<scripts.trainModel.trainModel_classification object at 0x000001D902F29358>)
2021-12-15 16:09:56,629:INFO:Checking exceptions
2021-12-15 16:09:56,629:INFO:Preloading libraries
2021-12-15 16:09:56,630:ERROR:Pipeline not found. Exception:
2021-12-15 16:09:56,630:ERROR:Traceback (most recent call last):
  File "C:\Users\himanshu_gupta3\.conda\envs\env3.6\lib\site-packages\pycaret\internal\tabular.py", line 8717, in predict_model
    dtypes = prep_pipe.named_steps["dtypes"]
NameError: name 'prep_pipe' is not defined

2021-12-15 17:03:19,957:INFO:Initializing load_model()
2021-12-15 17:03:19,957:INFO:load_model(verbose=True, authentication=None, platform=None, model_name=model_pickle)
2021-12-15 17:03:33,274:INFO:Initializing predict_model()
2021-12-15 17:03:33,274:INFO:predict_model(display=None, ml_usecase=MLUsecase.CLASSIFICATION, verbose=True, round=4, raw_score=False, encoded_labels=False, probability_threshold=None, estimator=<scripts.trainModel.trainModel_classification object at 0x000001D903B2C9E8>)
2021-12-15 17:03:33,275:INFO:Checking exceptions
2021-12-15 17:03:33,275:INFO:Preloading libraries
2021-12-15 17:03:33,275:ERROR:Pipeline not found. Exception:
2021-12-15 17:03:33,277:ERROR:Traceback (most recent call last):
  File "C:\Users\himanshu_gupta3\.conda\envs\env3.6\lib\site-packages\pycaret\internal\tabular.py", line 8717, in predict_model
    dtypes = prep_pipe.named_steps["dtypes"]
NameError: name 'prep_pipe' is not defined

2021-12-15 17:03:39,636:INFO:Initializing predict_model()
2021-12-15 17:03:39,636:INFO:predict_model(display=None, ml_usecase=MLUsecase.CLASSIFICATION, verbose=True, round=4, raw_score=False, encoded_labels=False, probability_threshold=None, estimator=<scripts.trainModel.trainModel_classification object at 0x000001D903B2C9E8>)
2021-12-15 17:03:39,636:INFO:Checking exceptions
2021-12-15 17:03:39,636:INFO:Preloading libraries
2021-12-15 17:03:39,636:ERROR:Pipeline not found. Exception:
2021-12-15 17:03:39,636:ERROR:Traceback (most recent call last):
  File "C:\Users\himanshu_gupta3\.conda\envs\env3.6\lib\site-packages\pycaret\internal\tabular.py", line 8717, in predict_model
    dtypes = prep_pipe.named_steps["dtypes"]
NameError: name 'prep_pipe' is not defined

2021-12-16 12:03:44,104:INFO:Initializing load_model()
2021-12-16 12:03:44,104:INFO:load_model(verbose=True, authentication=None, platform=None, model_name=model_pickle)
2021-12-16 12:04:07,535:INFO:Initializing predict_model()
2021-12-16 12:04:07,535:INFO:predict_model(display=None, ml_usecase=MLUsecase.CLASSIFICATION, verbose=True, round=4, raw_score=False, encoded_labels=False, probability_threshold=None, estimator=<scripts.trainModel.trainModel_classification object at 0x0000028FBCF5ACC0>)
2021-12-16 12:04:07,535:INFO:Checking exceptions
2021-12-16 12:04:07,535:INFO:Preloading libraries
2021-12-16 12:04:07,535:ERROR:Pipeline not found. Exception:
2021-12-16 12:04:07,551:ERROR:Traceback (most recent call last):
  File "C:\Users\himanshu_gupta3\.conda\envs\env3.6\lib\site-packages\pycaret\internal\tabular.py", line 8717, in predict_model
    dtypes = prep_pipe.named_steps["dtypes"]
NameError: name 'prep_pipe' is not defined

2021-12-16 12:35:08,658:INFO:Initializing load_model()
2021-12-16 12:35:08,659:INFO:load_model(verbose=True, authentication=None, platform=None, model_name=model_pickle)
2021-12-16 12:35:42,410:INFO:Initializing predict_model()
2021-12-16 12:35:42,410:INFO:predict_model(display=None, ml_usecase=MLUsecase.CLASSIFICATION, verbose=True, round=4, raw_score=False, encoded_labels=False, probability_threshold=None, estimator=<scripts.trainModel.trainModel_classification object at 0x0000022E7415BEB8>)
2021-12-16 12:35:42,410:INFO:Checking exceptions
2021-12-16 12:35:42,410:INFO:Preloading libraries
2021-12-16 12:35:42,410:ERROR:Pipeline not found. Exception:
2021-12-16 12:35:42,424:ERROR:Traceback (most recent call last):
  File "C:\Users\himanshu_gupta3\.conda\envs\env3.6\lib\site-packages\pycaret\internal\tabular.py", line 8717, in predict_model
    dtypes = prep_pipe.named_steps["dtypes"]
NameError: name 'prep_pipe' is not defined

2021-12-16 12:48:48,499:INFO:PyCaret Supervised Module
2021-12-16 12:48:48,500:INFO:ML Usecase: classification
2021-12-16 12:48:48,500:INFO:version 2.3.5
2021-12-16 12:48:48,500:INFO:Initializing setup()
2021-12-16 12:48:48,500:INFO:setup(display=None, profile_kwargs=None, profile=False, verbose=True, silent=True, log_data=False, log_profile=False, log_plots=False, experiment_name=None, log_experiment=False, session_id=None, html=True, custom_pipeline=None, use_gpu=False, n_jobs=-1, fold_groups=None, fold_shuffle=False, fold=10, fold_strategy=stratifiedkfold, data_split_stratify=False, data_split_shuffle=True, transform_target_method=box-cox, transform_target=False, fix_imbalance_method=BorderlineSMOTE(), fix_imbalance=True, interaction_threshold=0.01, feature_ratio=False, feature_interaction=False, feature_selection_method=classic, feature_selection_threshold=0.8, feature_selection=False, group_names=None, group_features=None, polynomial_threshold=0.1, trigonometry_features=False, polynomial_degree=2, polynomial_features=False, cluster_iter=20, create_clusters=False, remove_perfect_collinearity=True, multicollinearity_threshold=0.9, remove_multicollinearity=True, outliers_threshold=0.05, remove_outliers=True, bin_numeric_features=None, rare_level_threshold=0.1, combine_rare_levels=False, ignore_low_variance=False, pca_components=None, pca_method=linear, pca=False, unknown_categorical_method=least_frequent, handle_unknown_categorical=True, transformation_method=yeo-johnson, transformation=False, normalize_method=zscore, normalize=True, ignore_features=None, date_features=None, numeric_iterative_imputer=lightgbm, numeric_imputation=mean, numeric_features=None, high_cardinality_method=frequency, high_cardinality_features=None, ordinal_features=None, categorical_iterative_imputer=lightgbm, categorical_imputation=constant, categorical_features=None, iterative_imputation_iters=5, imputation_type=simple, preprocess=True, test_data=None, train_size=0.7, available_plots={'parameter': 'Hyperparameters', 'auc': 'AUC', 'confusion_matrix': 'Confusion Matrix', 'threshold': 'Threshold', 'pr': 'Precision Recall', 'error': 'Prediction Error', 'class_report': 'Class Report', 'rfe': 'Feature Selection', 'learning': 'Learning Curve', 'manifold': 'Manifold Learning', 'calibration': 'Calibration Curve', 'vc': 'Validation Curve', 'dimension': 'Dimensions', 'feature': 'Feature Importance', 'feature_all': 'Feature Importance (All)', 'boundary': 'Decision Boundary', 'lift': 'Lift Chart', 'gain': 'Gain Chart', 'tree': 'Decision Tree', 'ks': 'KS Statistic Plot'}, ml_usecase=classification, target=Heart-Att)
2021-12-16 12:48:48,500:INFO:Checking environment
2021-12-16 12:48:48,501:INFO:python_version: 3.6.13
2021-12-16 12:48:48,501:INFO:python_build: ('default', 'Mar 16 2021 11:37:27')
2021-12-16 12:48:48,501:INFO:machine: AMD64
2021-12-16 12:48:48,502:INFO:platform: Windows-10-10.0.19041-SP0
2021-12-16 12:48:48,505:WARNING:cannot find psutil installation. memory not traceable. Install psutil using pip to enable memory logging.
2021-12-16 12:48:48,505:INFO:Checking libraries
2021-12-16 12:48:48,505:INFO:pd==1.1.5
2021-12-16 12:48:48,505:INFO:numpy==1.19.5
2021-12-16 12:48:48,505:INFO:sklearn==0.23.2
2021-12-16 12:48:48,506:INFO:lightgbm==3.3.1
2021-12-16 12:48:48,508:WARNING:catboost not found
2021-12-16 12:48:48,510:WARNING:xgboost not found
2021-12-16 12:48:50,003:INFO:mlflow==1.21.0
2021-12-16 12:48:50,003:INFO:Checking Exceptions
2021-12-16 12:48:50,003:INFO:Declaring global variables
2021-12-16 12:48:50,004:INFO:USI: 4f83
2021-12-16 12:48:50,004:INFO:pycaret_globals: {'prep_pipe', 'n_jobs_param', '_available_plots', '_all_models_internal', 'fold_param', 'imputation_regressor', 'imputation_classifier', 'log_plots_param', 'transform_target_method_param', 'fold_generator', '_all_models', 'transform_target_param', 'experiment__', '_gpu_n_jobs_param', 'logging_param', 'create_model_container', 'gpu_param', 'fold_groups_param', 'y', 'display_container', 'master_model_container', 'html_param', 'stratify_param', 'data_before_preprocess', 'exp_name_log', 'pycaret_globals', 'y_test', 'fix_imbalance_method_param', '_all_metrics', 'X', 'fold_groups_param_full', 'iterative_imputation_iters_param', 'X_test', 'fold_shuffle_param', 'seed', '_internal_pipeline', '_ml_usecase', 'target_param', 'fix_imbalance_param', 'y_train', 'X_train', 'USI'}
2021-12-16 12:48:50,004:INFO:Preparing display monitor
2021-12-16 12:48:50,004:INFO:Preparing display monitor
2021-12-16 12:48:50,019:INFO:Importing libraries
2021-12-16 12:48:50,020:INFO:Copying data for preprocessing
2021-12-16 12:48:50,028:INFO:Declaring preprocessing parameters
2021-12-16 12:48:50,031:INFO:Creating preprocessing pipeline
2021-12-16 12:48:50,043:INFO:Preprocessing pipeline created successfully
2021-12-16 12:48:50,043:ERROR:(Process Exit): setup has been interupted with user command 'quit'. setup must rerun.
2021-12-16 12:48:50,043:INFO:Creating global containers
2021-12-16 12:48:50,044:INFO:Internal pipeline: Pipeline(memory=None,
         steps=[('fix_imbalance',
                 BorderlineSMOTE(k_neighbors=5, kind='borderline-1',
                                 m_neighbors=10, n_jobs=None, random_state=None,
                                 sampling_strategy='auto'))],
         verbose=False)
2021-12-16 12:48:50,722:WARNING:Couldn't import xgboost.XGBClassifier
2021-12-16 12:48:50,723:WARNING:Couldn't import catboost.CatBoostClassifier
2021-12-16 12:48:50,816:WARNING:Couldn't import xgboost.XGBClassifier
2021-12-16 12:48:50,817:WARNING:Couldn't import catboost.CatBoostClassifier
2021-12-16 12:48:50,817:INFO:Creating grid variables
2021-12-16 12:48:50,847:INFO:create_model_container: 0
2021-12-16 12:48:50,848:INFO:master_model_container: 0
2021-12-16 12:48:50,848:INFO:display_container: 1
2021-12-16 12:48:50,853:INFO:Pipeline(memory=None,
         steps=[('dtypes',
                 DataTypes_Auto_infer(categorical_features=[],
                                      display_types=False, features_todrop=[],
                                      id_columns=[],
                                      ml_usecase='classification',
                                      numerical_features=[], target='Heart-Att',
                                      time_features=[])),
                ('imputer',
                 Simple_Imputer(categorical_strategy='not_available',
                                fill_value_categorical=None,
                                fill_value_numerical=None,
                                numeric_s...
                ('dummy', Dummify(target='Heart-Att')),
                ('fix_perfect', Remove_100(target='Heart-Att')),
                ('clean_names', Clean_Colum_Names()),
                ('feature_select', 'passthrough'),
                ('fix_multi',
                 Fix_multicollinearity(correlation_with_target_preference=None,
                                       correlation_with_target_threshold=0.0,
                                       target_variable='Heart-Att',
                                       threshold=0.9)),
                ('dfs', 'passthrough'), ('pca', 'passthrough')],
         verbose=False)
2021-12-16 12:48:50,854:INFO:setup() succesfully completed......................................
2021-12-16 12:48:50,951:INFO:Initializing create_model()
2021-12-16 12:48:50,952:INFO:create_model(kwargs={}, display=None, probability_threshold=None, add_to_model_list=True, metrics=None, system=True, verbose=True, refit=True, groups=None, fit_kwargs=None, predict=True, cross_validation=True, round=4, fold=None, estimator=lr)
2021-12-16 12:48:50,952:INFO:Checking exceptions
2021-12-16 12:48:50,952:INFO:Preparing display monitor
2021-12-16 12:48:50,980:INFO:Importing libraries
2021-12-16 12:48:50,980:INFO:Copying training dataset
2021-12-16 12:48:50,982:INFO:Defining folds
2021-12-16 12:48:50,982:INFO:Declaring metric variables
2021-12-16 12:48:50,994:INFO:Importing untrained model
2021-12-16 12:48:51,003:INFO:Logistic Regression Imported succesfully
2021-12-16 12:48:51,028:INFO:Starting cross validation
2021-12-16 12:48:51,029:INFO:Cross validating with StratifiedKFold(n_splits=10, random_state=None, shuffle=False), n_jobs=-1
2021-12-16 12:49:04,631:INFO:Calculating mean and std
2021-12-16 12:49:04,633:INFO:Creating metrics dataframe
2021-12-16 12:49:04,647:INFO:Finalizing model
2021-12-16 12:49:04,774:INFO:Uploading results into container
2021-12-16 12:49:04,774:INFO:Uploading model into container now
2021-12-16 12:49:04,790:INFO:create_model_container: 1
2021-12-16 12:49:04,790:INFO:master_model_container: 1
2021-12-16 12:49:04,790:INFO:display_container: 2
2021-12-16 12:49:04,792:INFO:LogisticRegression(C=1.0, class_weight=None, dual=False, fit_intercept=True,
                   intercept_scaling=1, l1_ratio=None, max_iter=1000,
                   multi_class='auto', n_jobs=None, penalty='l2',
                   random_state=5210, solver='lbfgs', tol=0.0001, verbose=0,
                   warm_start=False)
2021-12-16 12:49:04,792:INFO:create_model() succesfully completed......................................
2021-12-16 12:51:17,685:INFO:PyCaret Supervised Module
2021-12-16 12:51:17,686:INFO:ML Usecase: classification
2021-12-16 12:51:17,686:INFO:version 2.3.5
2021-12-16 12:51:17,686:INFO:Initializing setup()
2021-12-16 12:51:17,686:INFO:setup(display=None, profile_kwargs=None, profile=False, verbose=True, silent=True, log_data=False, log_profile=False, log_plots=False, experiment_name=None, log_experiment=False, session_id=None, html=True, custom_pipeline=None, use_gpu=False, n_jobs=-1, fold_groups=None, fold_shuffle=False, fold=10, fold_strategy=stratifiedkfold, data_split_stratify=False, data_split_shuffle=True, transform_target_method=box-cox, transform_target=False, fix_imbalance_method=BorderlineSMOTE(k_neighbors=5, kind='borderline-1', m_neighbors=10, n_jobs=None,
                random_state=None, sampling_strategy='auto'), fix_imbalance=True, interaction_threshold=0.01, feature_ratio=False, feature_interaction=False, feature_selection_method=classic, feature_selection_threshold=0.8, feature_selection=False, group_names=None, group_features=None, polynomial_threshold=0.1, trigonometry_features=False, polynomial_degree=2, polynomial_features=False, cluster_iter=20, create_clusters=False, remove_perfect_collinearity=True, multicollinearity_threshold=0.9, remove_multicollinearity=True, outliers_threshold=0.05, remove_outliers=True, bin_numeric_features=None, rare_level_threshold=0.1, combine_rare_levels=False, ignore_low_variance=False, pca_components=None, pca_method=linear, pca=False, unknown_categorical_method=least_frequent, handle_unknown_categorical=True, transformation_method=yeo-johnson, transformation=False, normalize_method=zscore, normalize=True, ignore_features=None, date_features=None, numeric_iterative_imputer=lightgbm, numeric_imputation=mean, numeric_features=None, high_cardinality_method=frequency, high_cardinality_features=None, ordinal_features=None, categorical_iterative_imputer=lightgbm, categorical_imputation=constant, categorical_features=None, iterative_imputation_iters=5, imputation_type=simple, preprocess=True, test_data=None, train_size=0.7, available_plots={'parameter': 'Hyperparameters', 'auc': 'AUC', 'confusion_matrix': 'Confusion Matrix', 'threshold': 'Threshold', 'pr': 'Precision Recall', 'error': 'Prediction Error', 'class_report': 'Class Report', 'rfe': 'Feature Selection', 'learning': 'Learning Curve', 'manifold': 'Manifold Learning', 'calibration': 'Calibration Curve', 'vc': 'Validation Curve', 'dimension': 'Dimensions', 'feature': 'Feature Importance', 'feature_all': 'Feature Importance (All)', 'boundary': 'Decision Boundary', 'lift': 'Lift Chart', 'gain': 'Gain Chart', 'tree': 'Decision Tree', 'ks': 'KS Statistic Plot'}, ml_usecase=classification, target=Heart-Att)
2021-12-16 12:51:17,687:INFO:Checking environment
2021-12-16 12:51:17,687:INFO:python_version: 3.6.13
2021-12-16 12:51:17,687:INFO:python_build: ('default', 'Mar 16 2021 11:37:27')
2021-12-16 12:51:17,687:INFO:machine: AMD64
2021-12-16 12:51:17,687:INFO:platform: Windows-10-10.0.19041-SP0
2021-12-16 12:51:17,688:WARNING:cannot find psutil installation. memory not traceable. Install psutil using pip to enable memory logging.
2021-12-16 12:51:17,688:INFO:Checking libraries
2021-12-16 12:51:17,688:INFO:pd==1.1.5
2021-12-16 12:51:17,688:INFO:numpy==1.19.5
2021-12-16 12:51:17,688:INFO:sklearn==0.23.2
2021-12-16 12:51:17,688:INFO:lightgbm==3.3.1
2021-12-16 12:51:17,689:WARNING:catboost not found
2021-12-16 12:51:17,691:WARNING:xgboost not found
2021-12-16 12:51:17,691:INFO:mlflow==1.21.0
2021-12-16 12:51:17,691:INFO:Checking Exceptions
2021-12-16 12:51:17,691:INFO:Declaring global variables
2021-12-16 12:51:17,691:INFO:USI: 3f02
2021-12-16 12:51:17,691:INFO:pycaret_globals: {'prep_pipe', 'n_jobs_param', '_available_plots', '_all_models_internal', 'fold_param', 'imputation_regressor', 'imputation_classifier', 'log_plots_param', 'transform_target_method_param', 'fold_generator', '_all_models', 'transform_target_param', 'experiment__', '_gpu_n_jobs_param', 'logging_param', 'create_model_container', 'gpu_param', 'fold_groups_param', 'y', 'display_container', 'master_model_container', 'html_param', 'stratify_param', 'data_before_preprocess', 'exp_name_log', 'pycaret_globals', 'y_test', 'fix_imbalance_method_param', '_all_metrics', 'X', 'fold_groups_param_full', 'iterative_imputation_iters_param', 'X_test', 'fold_shuffle_param', 'seed', '_internal_pipeline', '_ml_usecase', 'target_param', 'fix_imbalance_param', 'y_train', 'X_train', 'USI'}
2021-12-16 12:51:17,691:INFO:Preparing display monitor
2021-12-16 12:51:17,691:INFO:Preparing display monitor
2021-12-16 12:51:17,707:INFO:Importing libraries
2021-12-16 12:51:17,707:INFO:Copying data for preprocessing
2021-12-16 12:51:17,718:INFO:Declaring preprocessing parameters
2021-12-16 12:51:17,720:INFO:Creating preprocessing pipeline
2021-12-16 12:51:17,732:INFO:Preprocessing pipeline created successfully
2021-12-16 12:51:17,733:ERROR:(Process Exit): setup has been interupted with user command 'quit'. setup must rerun.
2021-12-16 12:51:17,733:INFO:Creating global containers
2021-12-16 12:51:17,734:INFO:Internal pipeline: Pipeline(memory=None,
         steps=[('fix_imbalance',
                 BorderlineSMOTE(k_neighbors=5, kind='borderline-1',
                                 m_neighbors=10, n_jobs=None, random_state=None,
                                 sampling_strategy='auto'))],
         verbose=False)
2021-12-16 12:51:18,331:WARNING:Couldn't import xgboost.XGBClassifier
2021-12-16 12:51:18,332:WARNING:Couldn't import catboost.CatBoostClassifier
2021-12-16 12:51:18,435:WARNING:Couldn't import xgboost.XGBClassifier
2021-12-16 12:51:18,437:WARNING:Couldn't import catboost.CatBoostClassifier
2021-12-16 12:51:18,438:INFO:Creating grid variables
2021-12-16 12:51:18,458:INFO:create_model_container: 0
2021-12-16 12:51:18,458:INFO:master_model_container: 0
2021-12-16 12:51:18,458:INFO:display_container: 1
2021-12-16 12:51:18,465:INFO:Pipeline(memory=None,
         steps=[('dtypes',
                 DataTypes_Auto_infer(categorical_features=[],
                                      display_types=False, features_todrop=[],
                                      id_columns=[],
                                      ml_usecase='classification',
                                      numerical_features=[], target='Heart-Att',
                                      time_features=[])),
                ('imputer',
                 Simple_Imputer(categorical_strategy='not_available',
                                fill_value_categorical=None,
                                fill_value_numerical=None,
                                numeric_s...
                ('dummy', Dummify(target='Heart-Att')),
                ('fix_perfect', Remove_100(target='Heart-Att')),
                ('clean_names', Clean_Colum_Names()),
                ('feature_select', 'passthrough'),
                ('fix_multi',
                 Fix_multicollinearity(correlation_with_target_preference=None,
                                       correlation_with_target_threshold=0.0,
                                       target_variable='Heart-Att',
                                       threshold=0.9)),
                ('dfs', 'passthrough'), ('pca', 'passthrough')],
         verbose=False)
2021-12-16 12:51:18,466:INFO:setup() succesfully completed......................................
2021-12-16 12:51:18,566:INFO:Initializing create_model()
2021-12-16 12:51:18,566:INFO:create_model(kwargs={}, display=None, probability_threshold=None, add_to_model_list=True, metrics=None, system=True, verbose=True, refit=True, groups=None, fit_kwargs=None, predict=True, cross_validation=True, round=4, fold=None, estimator=lr)
2021-12-16 12:51:18,566:INFO:Checking exceptions
2021-12-16 12:51:18,566:INFO:Preparing display monitor
2021-12-16 12:51:18,591:INFO:Importing libraries
2021-12-16 12:51:18,592:INFO:Copying training dataset
2021-12-16 12:51:18,593:INFO:Defining folds
2021-12-16 12:51:18,593:INFO:Declaring metric variables
2021-12-16 12:51:18,602:INFO:Importing untrained model
2021-12-16 12:51:18,611:INFO:Logistic Regression Imported succesfully
2021-12-16 12:51:18,632:INFO:Starting cross validation
2021-12-16 12:51:18,633:INFO:Cross validating with StratifiedKFold(n_splits=10, random_state=None, shuffle=False), n_jobs=-1
2021-12-16 12:51:19,096:INFO:Calculating mean and std
2021-12-16 12:51:19,097:INFO:Creating metrics dataframe
2021-12-16 12:51:19,110:INFO:Finalizing model
2021-12-16 12:51:19,234:INFO:Uploading results into container
2021-12-16 12:51:19,234:INFO:Uploading model into container now
2021-12-16 12:51:19,253:INFO:create_model_container: 1
2021-12-16 12:51:19,253:INFO:master_model_container: 1
2021-12-16 12:51:19,253:INFO:display_container: 2
2021-12-16 12:51:19,254:INFO:LogisticRegression(C=1.0, class_weight=None, dual=False, fit_intercept=True,
                   intercept_scaling=1, l1_ratio=None, max_iter=1000,
                   multi_class='auto', n_jobs=None, penalty='l2',
                   random_state=2134, solver='lbfgs', tol=0.0001, verbose=0,
                   warm_start=False)
2021-12-16 12:51:19,254:INFO:create_model() succesfully completed......................................
2021-12-16 12:55:29,698:INFO:PyCaret Supervised Module
2021-12-16 12:55:29,698:INFO:ML Usecase: classification
2021-12-16 12:55:29,699:INFO:version 2.3.5
2021-12-16 12:55:29,699:INFO:Initializing setup()
2021-12-16 12:55:29,699:INFO:setup(display=None, profile_kwargs=None, profile=False, verbose=True, silent=True, log_data=False, log_profile=False, log_plots=False, experiment_name=None, log_experiment=False, session_id=None, html=True, custom_pipeline=None, use_gpu=False, n_jobs=-1, fold_groups=None, fold_shuffle=False, fold=10, fold_strategy=stratifiedkfold, data_split_stratify=False, data_split_shuffle=True, transform_target_method=box-cox, transform_target=False, fix_imbalance_method=BorderlineSMOTE(), fix_imbalance=True, interaction_threshold=0.01, feature_ratio=False, feature_interaction=False, feature_selection_method=classic, feature_selection_threshold=0.8, feature_selection=False, group_names=None, group_features=None, polynomial_threshold=0.1, trigonometry_features=False, polynomial_degree=2, polynomial_features=False, cluster_iter=20, create_clusters=False, remove_perfect_collinearity=True, multicollinearity_threshold=0.9, remove_multicollinearity=True, outliers_threshold=0.05, remove_outliers=True, bin_numeric_features=None, rare_level_threshold=0.1, combine_rare_levels=False, ignore_low_variance=False, pca_components=None, pca_method=linear, pca=False, unknown_categorical_method=least_frequent, handle_unknown_categorical=True, transformation_method=yeo-johnson, transformation=False, normalize_method=zscore, normalize=True, ignore_features=None, date_features=None, numeric_iterative_imputer=lightgbm, numeric_imputation=mean, numeric_features=None, high_cardinality_method=frequency, high_cardinality_features=None, ordinal_features=None, categorical_iterative_imputer=lightgbm, categorical_imputation=constant, categorical_features=None, iterative_imputation_iters=5, imputation_type=simple, preprocess=True, test_data=None, train_size=0.7, available_plots={'parameter': 'Hyperparameters', 'auc': 'AUC', 'confusion_matrix': 'Confusion Matrix', 'threshold': 'Threshold', 'pr': 'Precision Recall', 'error': 'Prediction Error', 'class_report': 'Class Report', 'rfe': 'Feature Selection', 'learning': 'Learning Curve', 'manifold': 'Manifold Learning', 'calibration': 'Calibration Curve', 'vc': 'Validation Curve', 'dimension': 'Dimensions', 'feature': 'Feature Importance', 'feature_all': 'Feature Importance (All)', 'boundary': 'Decision Boundary', 'lift': 'Lift Chart', 'gain': 'Gain Chart', 'tree': 'Decision Tree', 'ks': 'KS Statistic Plot'}, ml_usecase=classification, target=Heart-Att)
2021-12-16 12:55:29,699:INFO:Checking environment
2021-12-16 12:55:29,699:INFO:python_version: 3.6.13
2021-12-16 12:55:29,699:INFO:python_build: ('default', 'Mar 16 2021 11:37:27')
2021-12-16 12:55:29,699:INFO:machine: AMD64
2021-12-16 12:55:29,700:INFO:platform: Windows-10-10.0.19041-SP0
2021-12-16 12:55:29,701:WARNING:cannot find psutil installation. memory not traceable. Install psutil using pip to enable memory logging.
2021-12-16 12:55:29,702:INFO:Checking libraries
2021-12-16 12:55:29,702:INFO:pd==1.1.5
2021-12-16 12:55:29,702:INFO:numpy==1.19.5
2021-12-16 12:55:29,702:INFO:sklearn==0.23.2
2021-12-16 12:55:29,702:INFO:lightgbm==3.3.1
2021-12-16 12:55:29,704:WARNING:catboost not found
2021-12-16 12:55:29,705:WARNING:xgboost not found
2021-12-16 12:55:31,078:INFO:mlflow==1.21.0
2021-12-16 12:55:31,078:INFO:Checking Exceptions
2021-12-16 12:55:31,078:INFO:Declaring global variables
2021-12-16 12:55:31,078:INFO:USI: 71a6
2021-12-16 12:55:31,078:INFO:pycaret_globals: {'_all_models', 'target_param', 'logging_param', 'gpu_param', 'transform_target_method_param', 'y', 'fold_param', 'experiment__', 'create_model_container', '_gpu_n_jobs_param', '_all_models_internal', 'y_train', 'y_test', 'n_jobs_param', 'X_test', 'transform_target_param', '_ml_usecase', 'data_before_preprocess', 'exp_name_log', 'fold_groups_param', 'prep_pipe', 'fold_generator', 'pycaret_globals', 'log_plots_param', 'imputation_classifier', '_available_plots', 'USI', 'X_train', 'stratify_param', 'iterative_imputation_iters_param', '_internal_pipeline', 'fix_imbalance_method_param', 'fix_imbalance_param', 'seed', 'imputation_regressor', 'fold_groups_param_full', 'html_param', 'master_model_container', 'fold_shuffle_param', 'X', '_all_metrics', 'display_container'}
2021-12-16 12:55:31,078:INFO:Preparing display monitor
2021-12-16 12:55:31,079:INFO:Preparing display monitor
2021-12-16 12:55:31,102:INFO:Importing libraries
2021-12-16 12:55:31,102:INFO:Copying data for preprocessing
2021-12-16 12:55:31,109:INFO:Declaring preprocessing parameters
2021-12-16 12:55:31,111:INFO:Creating preprocessing pipeline
2021-12-16 12:55:31,123:INFO:Preprocessing pipeline created successfully
2021-12-16 12:55:31,123:ERROR:(Process Exit): setup has been interupted with user command 'quit'. setup must rerun.
2021-12-16 12:55:31,124:INFO:Creating global containers
2021-12-16 12:55:31,126:INFO:Internal pipeline: Pipeline(memory=None,
         steps=[('fix_imbalance',
                 BorderlineSMOTE(k_neighbors=5, kind='borderline-1',
                                 m_neighbors=10, n_jobs=None, random_state=None,
                                 sampling_strategy='auto'))],
         verbose=False)
2021-12-16 12:55:31,879:WARNING:Couldn't import xgboost.XGBClassifier
2021-12-16 12:55:31,880:WARNING:Couldn't import catboost.CatBoostClassifier
2021-12-16 12:55:31,984:WARNING:Couldn't import xgboost.XGBClassifier
2021-12-16 12:55:31,984:WARNING:Couldn't import catboost.CatBoostClassifier
2021-12-16 12:55:31,986:INFO:Creating grid variables
2021-12-16 12:55:32,017:INFO:create_model_container: 0
2021-12-16 12:55:32,017:INFO:master_model_container: 0
2021-12-16 12:55:32,017:INFO:display_container: 1
2021-12-16 12:55:32,024:INFO:Pipeline(memory=None,
         steps=[('dtypes',
                 DataTypes_Auto_infer(categorical_features=[],
                                      display_types=False, features_todrop=[],
                                      id_columns=[],
                                      ml_usecase='classification',
                                      numerical_features=[], target='Heart-Att',
                                      time_features=[])),
                ('imputer',
                 Simple_Imputer(categorical_strategy='not_available',
                                fill_value_categorical=None,
                                fill_value_numerical=None,
                                numeric_s...
                ('dummy', Dummify(target='Heart-Att')),
                ('fix_perfect', Remove_100(target='Heart-Att')),
                ('clean_names', Clean_Colum_Names()),
                ('feature_select', 'passthrough'),
                ('fix_multi',
                 Fix_multicollinearity(correlation_with_target_preference=None,
                                       correlation_with_target_threshold=0.0,
                                       target_variable='Heart-Att',
                                       threshold=0.9)),
                ('dfs', 'passthrough'), ('pca', 'passthrough')],
         verbose=False)
2021-12-16 12:55:32,025:INFO:setup() succesfully completed......................................
2021-12-16 12:55:32,116:INFO:Initializing create_model()
2021-12-16 12:55:32,117:INFO:create_model(kwargs={}, display=None, probability_threshold=None, add_to_model_list=True, metrics=None, system=True, verbose=True, refit=True, groups=None, fit_kwargs=None, predict=True, cross_validation=True, round=4, fold=None, estimator=lr)
2021-12-16 12:55:32,117:INFO:Checking exceptions
2021-12-16 12:55:32,117:INFO:Preparing display monitor
2021-12-16 12:55:32,150:INFO:Importing libraries
2021-12-16 12:55:32,150:INFO:Copying training dataset
2021-12-16 12:55:32,152:INFO:Defining folds
2021-12-16 12:55:32,152:INFO:Declaring metric variables
2021-12-16 12:55:32,168:INFO:Importing untrained model
2021-12-16 12:55:32,179:INFO:Logistic Regression Imported succesfully
2021-12-16 12:55:32,202:INFO:Starting cross validation
2021-12-16 12:55:32,203:INFO:Cross validating with StratifiedKFold(n_splits=10, random_state=None, shuffle=False), n_jobs=-1
2021-12-16 12:55:45,480:INFO:Calculating mean and std
2021-12-16 12:55:45,481:INFO:Creating metrics dataframe
2021-12-16 12:55:45,495:INFO:Finalizing model
2021-12-16 12:55:45,659:INFO:Uploading results into container
2021-12-16 12:55:45,659:INFO:Uploading model into container now
2021-12-16 12:55:45,677:INFO:create_model_container: 1
2021-12-16 12:55:45,677:INFO:master_model_container: 1
2021-12-16 12:55:45,677:INFO:display_container: 2
2021-12-16 12:55:45,678:INFO:LogisticRegression(C=1.0, class_weight=None, dual=False, fit_intercept=True,
                   intercept_scaling=1, l1_ratio=None, max_iter=1000,
                   multi_class='auto', n_jobs=None, penalty='l2',
                   random_state=6387, solver='lbfgs', tol=0.0001, verbose=0,
                   warm_start=False)
2021-12-16 12:55:45,678:INFO:create_model() succesfully completed......................................
2021-12-16 12:55:45,774:INFO:Initializing finalize_model()
2021-12-16 12:55:45,775:INFO:finalize_model(display=None, model_only=True, groups=None, fit_kwargs=None, estimator=LogisticRegression(C=1.0, class_weight=None, dual=False, fit_intercept=True,
                   intercept_scaling=1, l1_ratio=None, max_iter=1000,
                   multi_class='auto', n_jobs=None, penalty='l2',
                   random_state=6387, solver='lbfgs', tol=0.0001, verbose=0,
                   warm_start=False))
2021-12-16 12:55:45,776:INFO:Finalizing LogisticRegression(C=1.0, class_weight=None, dual=False, fit_intercept=True,
                   intercept_scaling=1, l1_ratio=None, max_iter=1000,
                   multi_class='auto', n_jobs=None, penalty='l2',
                   random_state=6387, solver='lbfgs', tol=0.0001, verbose=0,
                   warm_start=False)
2021-12-16 12:55:45,776:INFO:Initializing create_model()
2021-12-16 12:55:45,776:INFO:create_model(kwargs={}, display=None, probability_threshold=None, add_to_model_list=False, metrics=None, system=False, verbose=False, refit=True, groups=None, fit_kwargs={}, predict=True, cross_validation=True, round=4, fold=None, estimator=LogisticRegression(C=1.0, class_weight=None, dual=False, fit_intercept=True,
                   intercept_scaling=1, l1_ratio=None, max_iter=1000,
                   multi_class='auto', n_jobs=None, penalty='l2',
                   random_state=6387, solver='lbfgs', tol=0.0001, verbose=0,
                   warm_start=False))
2021-12-16 12:55:45,777:INFO:Checking exceptions
2021-12-16 12:55:45,777:INFO:Importing libraries
2021-12-16 12:55:45,777:INFO:Copying training dataset
2021-12-16 12:55:45,777:INFO:Defining folds
2021-12-16 12:55:45,777:INFO:Declaring metric variables
2021-12-16 12:55:45,778:INFO:Importing untrained model
2021-12-16 12:55:45,778:INFO:Declaring custom model
2021-12-16 12:55:45,779:INFO:Logistic Regression Imported succesfully
2021-12-16 12:55:45,779:INFO:Starting cross validation
2021-12-16 12:55:45,780:INFO:Cross validating with StratifiedKFold(n_splits=10, random_state=None, shuffle=False), n_jobs=-1
2021-12-16 12:55:46,309:INFO:Calculating mean and std
2021-12-16 12:55:46,309:INFO:Creating metrics dataframe
2021-12-16 12:55:46,313:INFO:Finalizing model
2021-12-16 12:55:46,512:INFO:create_model_container: 1
2021-12-16 12:55:46,512:INFO:master_model_container: 1
2021-12-16 12:55:46,513:INFO:display_container: 3
2021-12-16 12:55:46,513:INFO:LogisticRegression(C=1.0, class_weight=None, dual=False, fit_intercept=True,
                   intercept_scaling=1, l1_ratio=None, max_iter=1000,
                   multi_class='auto', n_jobs=None, penalty='l2',
                   random_state=6387, solver='lbfgs', tol=0.0001, verbose=0,
                   warm_start=False)
2021-12-16 12:55:46,513:INFO:create_model() succesfully completed......................................
2021-12-16 12:55:46,609:INFO:create_model_container: 1
2021-12-16 12:55:46,609:INFO:master_model_container: 1
2021-12-16 12:55:46,609:INFO:display_container: 2
2021-12-16 12:55:46,610:INFO:LogisticRegression(C=1.0, class_weight=None, dual=False, fit_intercept=True,
                   intercept_scaling=1, l1_ratio=None, max_iter=1000,
                   multi_class='auto', n_jobs=None, penalty='l2',
                   random_state=6387, solver='lbfgs', tol=0.0001, verbose=0,
                   warm_start=False)
2021-12-16 12:55:46,610:INFO:finalize_model() succesfully completed......................................
2021-12-16 12:55:46,744:INFO:Initializing plot_model()
2021-12-16 12:55:46,744:INFO:plot_model(is_in_evaluate=False, verbose=True, use_train_data=False, fold=None, system=True, scale=1, save=True, plot=auc, label=False, groups=None, fit_kwargs=None, feature_name=None, estimator=LogisticRegression(C=1.0, class_weight=None, dual=False, fit_intercept=True,
                   intercept_scaling=1, l1_ratio=None, max_iter=1000,
                   multi_class='auto', n_jobs=None, penalty='l2',
                   random_state=6387, solver='lbfgs', tol=0.0001, verbose=0,
                   warm_start=False), display_format=None, display=None)
2021-12-16 12:55:46,746:INFO:Checking exceptions
2021-12-16 12:55:46,747:INFO:Preparing display monitor
2021-12-16 12:55:46,760:INFO:Preloading libraries
2021-12-16 12:55:46,762:INFO:Copying training dataset
2021-12-16 12:55:46,763:INFO:Copying test dataset
2021-12-16 12:55:46,763:INFO:Plot type: auc
2021-12-16 12:55:46,766:INFO:Fitting Model
2021-12-16 12:55:46,768:INFO:Scoring test/hold-out set
2021-12-16 12:55:46,800:INFO:Saving 'AUC.png'
2021-12-16 12:55:47,005:INFO:Visual Rendered Successfully
2021-12-16 12:55:47,097:INFO:plot_model() succesfully completed......................................
2021-12-16 12:55:47,098:INFO:Initializing plot_model()
2021-12-16 12:55:47,098:INFO:plot_model(is_in_evaluate=False, verbose=True, use_train_data=False, fold=None, system=True, scale=1, save=True, plot=confusion_matrix, label=False, groups=None, fit_kwargs=None, feature_name=None, estimator=LogisticRegression(C=1.0, class_weight=None, dual=False, fit_intercept=True,
                   intercept_scaling=1, l1_ratio=None, max_iter=1000,
                   multi_class='auto', n_jobs=None, penalty='l2',
                   random_state=6387, solver='lbfgs', tol=0.0001, verbose=0,
                   warm_start=False), display_format=None, display=None)
2021-12-16 12:55:47,098:INFO:Checking exceptions
2021-12-16 12:55:47,100:INFO:Preparing display monitor
2021-12-16 12:55:47,116:INFO:Preloading libraries
2021-12-16 12:55:47,118:INFO:Copying training dataset
2021-12-16 12:55:47,119:INFO:Copying test dataset
2021-12-16 12:55:47,120:INFO:Plot type: confusion_matrix
2021-12-16 12:55:47,123:INFO:Fitting Model
2021-12-16 12:55:47,126:INFO:Scoring test/hold-out set
2021-12-16 12:55:47,169:INFO:Saving 'Confusion Matrix.png'
2021-12-16 12:55:47,246:INFO:Visual Rendered Successfully
2021-12-16 12:55:47,330:INFO:plot_model() succesfully completed......................................
2021-12-16 12:56:28,579:INFO:Initializing load_model()
2021-12-16 12:56:28,579:INFO:load_model(verbose=True, authentication=None, platform=None, model_name=model_pickle)
2021-12-16 12:56:43,635:INFO:Initializing predict_model()
2021-12-16 12:56:43,635:INFO:predict_model(display=None, ml_usecase=MLUsecase.CLASSIFICATION, verbose=True, round=4, raw_score=False, encoded_labels=False, probability_threshold=None, estimator=<scripts.trainModel.trainModel_classification object at 0x0000019C45E24208>)
2021-12-16 12:56:43,636:INFO:Checking exceptions
2021-12-16 12:56:43,636:INFO:Preloading libraries
2021-12-16 12:56:43,636:INFO:Preparing display monitor
